#
# There is insufficient memory for the Java Runtime Environment to continue.
# Native memory allocation (mmap) failed to map 268435456 bytes for Failed to commit area from 0x0000000701400000 to 0x0000000711400000 of length 268435456.
# Possible reasons:
#   The system is out of physical RAM or swap space
#   The process is running with CompressedOops enabled, and the Java Heap may be blocking the growth of the native heap
# Possible solutions:
#   Reduce memory load on the system
#   Increase physical memory or swap space
#   Check if swap backing store is full
#   Decrease Java heap size (-Xmx/-Xms)
#   Decrease number of Java threads
#   Decrease Java thread stack sizes (-Xss)
#   Set larger code cache with -XX:ReservedCodeCacheSize=
# This output file may be truncated or incomplete.
#
#  Out of Memory Error (./src/hotspot/os/windows/os_windows.cpp:3301), pid=17872, tid=24232
#
# JRE version:  (11.0.10) (build )
# Java VM: OpenJDK 64-Bit Server VM (11.0.10+0-b96-7249189, mixed mode, sharing, tiered, compressed oops, g1 gc, windows-amd64)
# No core dump will be written. Minidumps are not enabled by default on client versions of Windows
#

---------------  S U M M A R Y ------------

Command Line: org.jetbrains.git4idea.http.GitAskPassApp Username for 'https://github.com': 

Host: Intel(R) Core(TM) i7-9750H CPU @ 2.60GHz, 12 cores, 15G,  Windows 10 , 64 bit Build 22000 (10.0.22000.318)
Time: Sun Dec  5 14:30:20 2021 SE Asia Standard Time elapsed time: 0.010841 seconds (0d 0h 0m 0s)

---------------  T H R E A D  ---------------

Current thread (0x0000017a7fa82800):  JavaThread "Unknown thread" [_thread_in_vm, id=24232, stack(0x00000064e1a00000,0x00000064e1b00000)]

Stack: [0x00000064e1a00000,0x00000064e1b00000]
Native frames: (J=compiled Java code, j=interpreted, Vv=VM code, C=native code)
V  [jvm.dll+0x5ecfaa]
V  [jvm.dll+0x722bd5]
V  [jvm.dll+0x72412d]
V  [jvm.dll+0x7247e3]
V  [jvm.dll+0x242928]
V  [jvm.dll+0x5ea374]
V  [jvm.dll+0x5df425]
V  [jvm.dll+0x2fdebb]
V  [jvm.dll+0x2fde2a]
V  [jvm.dll+0x2fdd02]
V  [jvm.dll+0x302bf6]
V  [jvm.dll+0x34b2a3]
V  [jvm.dll+0x34b9a6]
V  [jvm.dll+0x34b3a3]
V  [jvm.dll+0x2d8888]
V  [jvm.dll+0x2d9a37]
V  [jvm.dll+0x701737]
V  [jvm.dll+0x702f2c]
V  [jvm.dll+0x3587d9]
V  [jvm.dll+0x6e4fae]
V  [jvm.dll+0x3c0be3]
V  [jvm.dll+0x3c2e91]
C  [jli.dll+0x5373]
C  [ucrtbase.dll+0x26c0c]
C  [KERNEL32.DLL+0x154e0]
C  [ntdll.dll+0x485b]


---------------  P R O C E S S  ---------------

Threads class SMR info:
_java_thread_list=0x0000017a7f545cc0, length=0, elements={
}

Java Threads: ( => current thread )

Other Threads:
  0x0000017a7fa9a000 GCTaskThread "GC Thread#0" [stack: 0x00000064e1b00000,0x00000064e1c00000] [id=8952]
  0x0000017a7faf7800 ConcurrentGCThread "G1 Main Marker" [stack: 0x00000064e1c00000,0x00000064e1d00000] [id=18480]
  0x0000017a7fafa000 ConcurrentGCThread "G1 Conc#0" [stack: 0x00000064e1d00000,0x00000064e1e00000] [id=19212]

[error occurred during error reporting (printing all threads), id 0xc0000005, EXCEPTION_ACCESS_VIOLATION (0xc0000005) at pc=0x00007ffc53e19107]

VM state:not at safepoint (not fully initialized)

VM Mutex/Monitor currently owned by a thread:  ([mutex/lock_event])
[0x0000017a7fa7ec10] Heap_lock - owner thread: 0x0000017a7fa82800

Heap address: 0x0000000701400000, size: 4076 MB, Compressed Oops mode: Non-zero based: 0x0000000701400000
Narrow klass base: 0x0000000000000000, Narrow klass shift: 0

GC Heap History (0 events):
No events

Deoptimization events (0 events):
No events

Classes redefined (0 events):
No events

Internal exceptions (0 events):
No events

Events (1 events):
Event: 0.007 Loaded shared library C:\Program Files\Android\Android Studio1\jre\bin\zip.dll


Dynamic libraries:
0x00007ff751960000 - 0x00007ff75196a000 	C:\Program Files\Android\Android Studio1\jre\bin\java.exe
0x00007ffcec040000 - 0x00007ffcec247000 	C:\WINDOWS\SYSTEM32\ntdll.dll
0x00007ffcea530000 - 0x00007ffcea5ed000 	C:\WINDOWS\System32\KERNEL32.DLL
0x00007ffce9990000 - 0x00007ffce9d04000 	C:\WINDOWS\System32\KERNELBASE.dll
0x00007ffce9690000 - 0x00007ffce97a1000 	C:\WINDOWS\System32\ucrtbase.dll
0x00007ffcb8fc0000 - 0x00007ffcb8fd7000 	C:\Program Files\Android\Android Studio1\jre\bin\VCRUNTIME140.dll
0x00007ffcb5e80000 - 0x00007ffcb5e99000 	C:\Program Files\Android\Android Studio1\jre\bin\jli.dll
0x00007ffcebe40000 - 0x00007ffcebfec000 	C:\WINDOWS\System32\USER32.dll
0x00007ffcc69f0000 - 0x00007ffcc6c95000 	C:\WINDOWS\WinSxS\amd64_microsoft.windows.common-controls_6595b64144ccf1df_6.0.22000.120_none_9d947278b86cc467\COMCTL32.dll
0x00007ffce9960000 - 0x00007ffce9986000 	C:\WINDOWS\System32\win32u.dll
0x00007ffcea2d0000 - 0x00007ffcea373000 	C:\WINDOWS\System32\msvcrt.dll
0x00007ffcea5f0000 - 0x00007ffcea619000 	C:\WINDOWS\System32\GDI32.dll
0x00007ffce9db0000 - 0x00007ffce9ec2000 	C:\WINDOWS\System32\gdi32full.dll
0x00007ffce9d10000 - 0x00007ffce9dad000 	C:\WINDOWS\System32\msvcp_win.dll
0x00007ffceb7e0000 - 0x00007ffceb811000 	C:\WINDOWS\System32\IMM32.DLL
0x00007ffc70260000 - 0x00007ffc702fd000 	C:\Program Files\Android\Android Studio1\jre\bin\msvcp140.dll
0x00007ffc53b30000 - 0x00007ffc545ff000 	C:\Program Files\Android\Android Studio1\jre\bin\server\jvm.dll
0x00007ffceb820000 - 0x00007ffceb8cc000 	C:\WINDOWS\System32\ADVAPI32.dll
0x00007ffcebbc0000 - 0x00007ffcebc5d000 	C:\WINDOWS\System32\sechost.dll
0x00007ffcebc60000 - 0x00007ffcebd81000 	C:\WINDOWS\System32\RPCRT4.dll
0x00007ffceb2f0000 - 0x00007ffceb2f8000 	C:\WINDOWS\System32\PSAPI.DLL
0x00007ffce5e50000 - 0x00007ffce5e59000 	C:\WINDOWS\SYSTEM32\WSOCK32.dll
0x00007ffce4330000 - 0x00007ffce433a000 	C:\WINDOWS\SYSTEM32\VERSION.dll
0x00007ffce3470000 - 0x00007ffce34a3000 	C:\WINDOWS\SYSTEM32\WINMM.dll
0x00007ffce9ed0000 - 0x00007ffce9f3f000 	C:\WINDOWS\System32\WS2_32.dll
0x00007ffce8730000 - 0x00007ffce8748000 	C:\WINDOWS\SYSTEM32\kernel.appcore.dll
0x00007ffce5e30000 - 0x00007ffce5e41000 	C:\Program Files\Android\Android Studio1\jre\bin\verify.dll
0x00007ffce70a0000 - 0x00007ffce72c1000 	C:\WINDOWS\SYSTEM32\DBGHELP.DLL
0x00007ffccc540000 - 0x00007ffccc571000 	C:\WINDOWS\SYSTEM32\dbgcore.DLL
0x00007ffce98e0000 - 0x00007ffce9960000 	C:\WINDOWS\System32\bcryptPrimitives.dll
0x00007ffcda2f0000 - 0x00007ffcda319000 	C:\Program Files\Android\Android Studio1\jre\bin\java.dll
0x00007ffce52b0000 - 0x00007ffce52bb000 	C:\Program Files\Android\Android Studio1\jre\bin\jimage.dll
0x00007ffcda2d0000 - 0x00007ffcda2e8000 	C:\Program Files\Android\Android Studio1\jre\bin\zip.dll

dbghelp: loaded successfully - version: 4.0.5 - missing functions: none
symbol engine: initialized successfully - sym options: 0x614 - pdb path: .;C:\Program Files\Android\Android Studio1\jre\bin;C:\WINDOWS\SYSTEM32;C:\WINDOWS\WinSxS\amd64_microsoft.windows.common-controls_6595b64144ccf1df_6.0.22000.120_none_9d947278b86cc467;C:\Program Files\Android\Android Studio1\jre\bin\server

VM Arguments:
java_command: org.jetbrains.git4idea.http.GitAskPassApp Username for 'https://github.com': 
java_class_path (initial): C:/Program Files/Android/Android Studio1/plugins/git4idea/lib/git4idea-rt.jar;C:/Program Files/Android/Android Studio1/lib/xmlrpc-2.0.1.jar;C:/Program Files/Android/Android Studio1/lib/commons-codec-1.14.jar
Launcher Type: SUN_STANDARD

[Global flags]
     intx CICompilerCount                          = 4                                         {product} {ergonomic}
     uint ConcGCThreads                            = 3                                         {product} {ergonomic}
     uint G1ConcRefinementThreads                  = 10                                        {product} {ergonomic}
   size_t G1HeapRegionSize                         = 1048576                                   {product} {ergonomic}
    uintx GCDrainStackTargetSize                   = 64                                        {product} {ergonomic}
   size_t InitialHeapSize                          = 268435456                                 {product} {ergonomic}
   size_t MarkStackSize                            = 4194304                                   {product} {ergonomic}
   size_t MaxHeapSize                              = 4273995776                                {product} {ergonomic}
   size_t MinHeapDeltaBytes                        = 1048576                                   {product} {ergonomic}
    uintx NonNMethodCodeHeapSize                   = 5836300                                {pd product} {ergonomic}
    uintx NonProfiledCodeHeapSize                  = 122910970                              {pd product} {ergonomic}
    uintx ProfiledCodeHeapSize                     = 122910970                              {pd product} {ergonomic}
    uintx ReservedCodeCacheSize                    = 251658240                              {pd product} {ergonomic}
     bool SegmentedCodeCache                       = true                                      {product} {ergonomic}
     bool UseCompressedClassPointers               = true                                 {lp64_product} {ergonomic}
     bool UseCompressedOops                        = true                                 {lp64_product} {ergonomic}
     bool UseG1GC                                  = true                                      {product} {ergonomic}
     bool UseLargePagesIndividualAllocation        = false                                  {pd product} {ergonomic}

Logging:
Log output configuration:
 #0: stdout all=warning uptime,level,tags
 #1: stderr all=off uptime,level,tags

Environment Variables:
PATH=C:\Program Files\Git\mingw64\libexec\git-core;C:\Program Files\Git\mingw64\libexec\git-core;C:\Program Files\Git\mingw64\bin;C:\Program Files\Git\usr\bin;C:\Users\lenovo\bin;C:\Program Files (x86)\Common Files\Intel\Shared Libraries\redist\intel64_win\compiler;C:\Program Files (x86)\Common Files\Intel\Shared Libraries\redist\intel64\compiler;C:\Program Files (x86)\Common Files\Intel\Shared Files\cpp\bin\Intel64;C:\Program Files (x86)\Common Files\Oracle\Java\javapath;C:\Program Files\Common Files\Oracle\Java\javapath;C:\Windows\system32;C:\Windows;C:\Windows\System32\Wbem;C:\Windows\System32\WindowsPowerShell\v1.0;C:\Windows\System32\OpenSSH;C:\Program Files (x86)\NVIDIA Corporation\PhysX\Common;C:\Program Files\NVIDIA Corporation\NVIDIA NvDLISR;C:\Program Files\MATLAB\R2017a\runtime\win64;C:\Program Files\MATLAB\R2017a\bin;C:\Program Files\Polyspace\R2020a\runtime\win64;C:\Program Files\Polyspace\R2020a\bin;C:\Program Files\Polyspace\R2020a\polyspace\bin;C:\Program Files\Git\cmd;C:\Program Files\MySQL\MySQL Enterprise Backup 8.0\bin;C:\WINDOWS\system32;C:\WINDOWS;C:\WINDOWS\System32\Wbem;C:\WINDOWS\System32\WindowsPowerShell\v1.0;C:\WINDOWS\System32\OpenSSH;C:\xampp\php;C:\composer;C:\Users\lenovo\Downloads\flutter\bin;C:\Users\lenovo\AppData\Local\Programs\Microsoft VS Code\bin;C:\Users\lenovo\AppData\Local\Microsoft\WindowsApps
USERNAME=lenovo
DISPLAY=:0.0
LC_ALL=en_US.UTF-8
OS=Windows_NT
PROCESSOR_IDENTIFIER=Intel64 Family 6 Model 158 Stepping 10, GenuineIntel



---------------  S Y S T E M  ---------------

OS: Windows 10 , 64 bit Build 22000 (10.0.22000.318)
OS uptime: 0 days 19:27 hours

CPU:total 12 (initial active 12) (6 cores per cpu, 2 threads per core) family 6 model 158 stepping 10 microcode 0xea, cmov, cx8, fxsr, mmx, sse, sse2, sse3, ssse3, sse4.1, sse4.2, popcnt, avx, avx2, aes, clmul, erms, 3dnowpref, lzcnt, ht, tsc, tscinvbit, bmi1, bmi2, adx, fma

Memory: 4k page, system-wide physical 16303M (1202M free)
TotalPageFile size 25594M (AvailPageFile size 168M)
current process WorkingSet (physical memory assigned to process): 10M, peak: 10M
current process commit charge ("private bytes"): 64M, peak: 320M

vm_info: OpenJDK 64-Bit Server VM (11.0.10+0-b96-7249189) for windows-amd64 JRE (11.0.10+0-b96-7249189), built on Mar 31 2021 21:44:00 by "builder" with MS VC++ 14.0 (VS2015)

END.
